<?xml version="1.0" encoding="UTF-8"?>
<!-- Generated by org.testng.reporters.JUnitReportReporter -->
<testsuite hostname="Administrators-MacBook-Pro-2.local" name="com.amazon.PagesClass.LoginPage" tests="1" failures="0" timestamp="17 Sep 2020 07:16:01 GMT" time="0.080" errors="0">
  <testcase name="loginFunctionality" time="0.080" classname="com.amazon.PagesClass.LoginPage"/>
</testsuite> <!-- com.amazon.PagesClass.LoginPage -->
