<?xml version="1.0" encoding="UTF-8"?>
<!-- Generated by org.testng.reporters.JUnitReportReporter -->
<testsuite hostname="Administrators-MacBook-Pro-2.local" name="com.amazon.GenericFunctions.GenericFunctions" tests="1" failures="0" timestamp="17 Sep 2020 07:19:27 GMT" time="0.013" errors="0">
  <testcase name="test" time="0.013" classname="com.amazon.GenericFunctions.GenericFunctions"/>
</testsuite> <!-- com.amazon.GenericFunctions.GenericFunctions -->
